<?xml version="1.0" ?>
<coverage branch-rate="0" branches-covered="0" branches-valid="0" complexity="0" line-rate="0.3054" lines-covered="51" lines-valid="167" timestamp="1499044107060" version="4.4.1">
	<!-- Generated by coverage.py: https://coverage.readthedocs.io -->
	<!-- Based on https://raw.githubusercontent.com/cobertura/web/master/htdocs/xml/coverage-04.dtd -->
	<sources>
		<source>C:\Users\Dan\Projects\PyGalleryCreator</source>
	</sources>
	<packages>
		<package branch-rate="0" complexity="0" line-rate="0" name=".">
			<classes>
				<class branch-rate="0" complexity="0" filename="setup.py" line-rate="0" name="setup.py">
					<methods/>
					<lines>
						<line hits="0" number="1"/>
					</lines>
				</class>
			</classes>
		</package>
		<package branch-rate="0" complexity="0" line-rate="0.3072" name="pygallerycreator">
			<classes>
				<class branch-rate="0" complexity="0" filename="pygallerycreator/copier.py" line-rate="0.7059" name="copier.py">
					<methods/>
					<lines>
						<line hits="1" number="1"/>
						<line hits="1" number="2"/>
						<line hits="1" number="3"/>
						<line hits="1" number="5"/>
						<line hits="1" number="6"/>
						<line hits="1" number="7"/>
						<line hits="1" number="10"/>
						<line hits="1" number="16"/>
						<line hits="1" number="18"/>
						<line hits="1" number="20"/>
						<line hits="1" number="23"/>
						<line hits="0" number="30"/>
						<line hits="0" number="31"/>
						<line hits="0" number="33"/>
						<line hits="1" number="36"/>
						<line hits="0" number="45"/>
						<line hits="0" number="46"/>
					</lines>
				</class>
				<class branch-rate="0" complexity="0" filename="pygallerycreator/gallery_creator.py" line-rate="0.3" name="gallery_creator.py">
					<methods/>
					<lines>
						<line hits="1" number="1"/>
						<line hits="0" number="3"/>
						<line hits="0" number="4"/>
						<line hits="1" number="8"/>
						<line hits="0" number="15"/>
						<line hits="0" number="16"/>
						<line hits="1" number="19"/>
						<line hits="0" number="26"/>
						<line hits="0" number="28"/>
						<line hits="0" number="29"/>
					</lines>
				</class>
				<class branch-rate="0" complexity="0" filename="pygallerycreator/image_processor.py" line-rate="0.1562" name="image_processor.py">
					<methods/>
					<lines>
						<line hits="1" number="1"/>
						<line hits="1" number="2"/>
						<line hits="1" number="4"/>
						<line hits="1" number="5"/>
						<line hits="1" number="8"/>
						<line hits="0" number="16"/>
						<line hits="0" number="17"/>
						<line hits="0" number="18"/>
						<line hits="0" number="19"/>
						<line hits="0" number="21"/>
						<line hits="0" number="28"/>
						<line hits="0" number="29"/>
						<line hits="0" number="30"/>
						<line hits="0" number="31"/>
						<line hits="0" number="33"/>
						<line hits="0" number="34"/>
						<line hits="0" number="36"/>
						<line hits="0" number="43"/>
						<line hits="0" number="45"/>
						<line hits="0" number="46"/>
						<line hits="0" number="47"/>
						<line hits="0" number="49"/>
						<line hits="0" number="56"/>
						<line hits="0" number="57"/>
						<line hits="0" number="58"/>
						<line hits="0" number="59"/>
						<line hits="0" number="60"/>
						<line hits="0" number="61"/>
						<line hits="0" number="62"/>
						<line hits="0" number="63"/>
						<line hits="0" number="65"/>
						<line hits="0" number="66"/>
					</lines>
				</class>
				<class branch-rate="0" complexity="0" filename="pygallerycreator/main.py" line-rate="0.02941" name="main.py">
					<methods/>
					<lines>
						<line hits="1" number="1"/>
						<line hits="0" number="3"/>
						<line hits="0" number="5"/>
						<line hits="0" number="7"/>
						<line hits="0" number="9"/>
						<line hits="0" number="15"/>
						<line hits="0" number="27"/>
						<line hits="0" number="29"/>
						<line hits="0" number="31"/>
						<line hits="0" number="33"/>
						<line hits="0" number="37"/>
						<line hits="0" number="39"/>
						<line hits="0" number="41"/>
						<line hits="0" number="47"/>
						<line hits="0" number="59"/>
						<line hits="0" number="61"/>
						<line hits="0" number="67"/>
						<line hits="0" number="71"/>
						<line hits="0" number="73"/>
						<line hits="0" number="75"/>
						<line hits="0" number="81"/>
						<line hits="0" number="85"/>
						<line hits="0" number="87"/>
						<line hits="0" number="89"/>
						<line hits="0" number="91"/>
						<line hits="0" number="95"/>
						<line hits="0" number="97"/>
						<line hits="0" number="99"/>
						<line hits="0" number="101"/>
						<line hits="0" number="103"/>
						<line hits="0" number="105"/>
						<line hits="0" number="111"/>
						<line hits="0" number="113"/>
						<line hits="0" number="115"/>
					</lines>
				</class>
				<class branch-rate="0" complexity="0" filename="pygallerycreator/test_copier.py" line-rate="0.4375" name="test_copier.py">
					<methods/>
					<lines>
						<line hits="1" number="1"/>
						<line hits="1" number="2"/>
						<line hits="1" number="5"/>
						<line hits="0" number="6"/>
						<line hits="1" number="9"/>
						<line hits="0" number="10"/>
						<line hits="1" number="13"/>
						<line hits="0" number="14"/>
						<line hits="1" number="17"/>
						<line hits="0" number="18"/>
						<line hits="0" number="19"/>
						<line hits="1" number="22"/>
						<line hits="0" number="23"/>
						<line hits="0" number="24"/>
						<line hits="0" number="25"/>
						<line hits="0" number="26"/>
					</lines>
				</class>
				<class branch-rate="0" complexity="0" filename="pygallerycreator/test_gallery_creator.py" line-rate="0.5625" name="test_gallery_creator.py">
					<methods/>
					<lines>
						<line hits="1" number="1"/>
						<line hits="1" number="2"/>
						<line hits="1" number="3"/>
						<line hits="1" number="5"/>
						<line hits="1" number="6"/>
						<line hits="1" number="8"/>
						<line hits="1" number="9"/>
						<line hits="1" number="12"/>
						<line hits="0" number="14"/>
						<line hits="0" number="15"/>
						<line hits="0" number="16"/>
						<line hits="1" number="19"/>
						<line hits="0" number="21"/>
						<line hits="0" number="22"/>
						<line hits="0" number="23"/>
						<line hits="0" number="24"/>
					</lines>
				</class>
				<class branch-rate="0" complexity="0" filename="pygallerycreator/test_image_processor.py" line-rate="0.7222" name="test_image_processor.py">
					<methods/>
					<lines>
						<line hits="1" number="1"/>
						<line hits="1" number="2"/>
						<line hits="1" number="3"/>
						<line hits="1" number="4"/>
						<line hits="1" number="6"/>
						<line hits="1" number="7"/>
						<line hits="1" number="9"/>
						<line hits="1" number="10"/>
						<line hits="1" number="11"/>
						<line hits="1" number="12"/>
						<line hits="1" number="15"/>
						<line hits="0" number="16"/>
						<line hits="0" number="17"/>
						<line hits="0" number="18"/>
						<line hits="1" number="21"/>
						<line hits="0" number="22"/>
						<line hits="1" number="25"/>
						<line hits="0" number="26"/>
					</lines>
				</class>
				<class branch-rate="0" complexity="0" filename="pygallerycreator/test_main.py" line-rate="0.04348" name="test_main.py">
					<methods/>
					<lines>
						<line hits="1" number="1"/>
						<line hits="0" number="2"/>
						<line hits="0" number="3"/>
						<line hits="0" number="4"/>
						<line hits="0" number="7"/>
						<line hits="0" number="9"/>
						<line hits="0" number="10"/>
						<line hits="0" number="11"/>
						<line hits="0" number="14"/>
						<line hits="0" number="16"/>
						<line hits="0" number="17"/>
						<line hits="0" number="18"/>
						<line hits="0" number="21"/>
						<line hits="0" number="23"/>
						<line hits="0" number="24"/>
						<line hits="0" number="25"/>
						<line hits="0" number="28"/>
						<line hits="0" number="30"/>
						<line hits="0" number="31"/>
						<line hits="0" number="32"/>
						<line hits="0" number="33"/>
						<line hits="0" number="36"/>
						<line hits="0" number="38"/>
					</lines>
				</class>
				<class branch-rate="0" complexity="0" filename="pygallerycreator/__init__.py" line-rate="1" name="__init__.py">
					<methods/>
					<lines/>
				</class>
			</classes>
		</package>
	</packages>
</coverage>
